<?xml version="1.0" encoding="UTF-8"?><testsuite errors="1" failures="0" name="com.restapiexample.employee_step.EmployeeCRUD" skipped="0" tests="4" time="8.4" timestamp="2022-06-21T22:08:07.494+01:00[Europe/London]"><testcase classname="com.restapiexample.employee_step.EmployeeCRUD" name="This will create a new service"/><testcase classname="com.restapiexample.employee_step.EmployeeCRUD" name="Verify if the employee was added to ath application"><error message="io.restassured.path.xml.XmlPath cannot be cast to java.lang.String" type="java.lang.ClassCastException">io.restassured.path.xml.XmlPath cannot be cast to java.lang.String</error><system-err>io.restassured.path.xml.XmlPath cannot be cast to java.lang.String&#13;
com.restapiexample.employee_step.EmployeeCRUD.test002(EmployeeCRUD.java:47)&#13;
</system-err></testcase><testcase classname="com.restapiexample.employee_step.EmployeeCRUD" name="Update the employee information and verify that the information has been updated"/><testcase classname="com.restapiexample.employee_step.EmployeeCRUD" name="Delete the employee and verify if the employee is deleted!"/></testsuite>